build/outputs/logs/manifest-merger-debug-report.txt
-- Merging decision tree log ---
manifest
ADDED from voice_rcd\AndroidManifest.xml:1:1-28:12
	package
		ADDED from voice_rcd\AndroidManifest.xml:2:5-36
	android:versionName
		ADDED from voice_rcd\AndroidManifest.xml:4:5-30
		INJECTED from voice_rcd\AndroidManifest.xml
		INJECTED from voice_rcd\AndroidManifest.xml
	android:versionCode
		ADDED from voice_rcd\AndroidManifest.xml:3:5-28
		INJECTED from voice_rcd\AndroidManifest.xml
		INJECTED from voice_rcd\AndroidManifest.xml
	xmlns:android
		ADDED from voice_rcd\AndroidManifest.xml:1:11-69
uses-sdk
ADDED from voice_rcd\AndroidManifest.xml:6:5-8:41
	android:targetSdkVersion
		ADDED from voice_rcd\AndroidManifest.xml:8:9-38
	android:minSdkVersion
		ADDED from voice_rcd\AndroidManifest.xml:7:9-34
uses-permission#android.permission.RECORD_AUDIO
ADDED from voice_rcd\AndroidManifest.xml:9:5-71
	android:name
		ADDED from voice_rcd\AndroidManifest.xml:9:22-68
uses-permission#android.permission.WRITE_EXTERNAL_STORAGE
ADDED from voice_rcd\AndroidManifest.xml:10:7-83
	android:name
		ADDED from voice_rcd\AndroidManifest.xml:10:24-80
application
ADDED from voice_rcd\AndroidManifest.xml:11:5-26:19
	android:label
		ADDED from voice_rcd\AndroidManifest.xml:13:9-41
	android:icon
		ADDED from voice_rcd\AndroidManifest.xml:12:9-45
	android:theme
		ADDED from voice_rcd\AndroidManifest.xml:14:9-40
activity#com.example.voice_rcd.MainActivity
ADDED from voice_rcd\AndroidManifest.xml:15:9-25:20
	android:label
		ADDED from voice_rcd\AndroidManifest.xml:17:13-56
	android:theme
		ADDED from voice_rcd\AndroidManifest.xml:18:13-60
	android:name
		ADDED from voice_rcd\AndroidManifest.xml:16:13-41
intent-filter#android.intent.action.MAIN+android.intent.category.LAUNCHER
ADDED from voice_rcd\AndroidManifest.xml:20:13-24:29
action#android.intent.action.MAIN
ADDED from voice_rcd\AndroidManifest.xml:21:17-69
	android:name
		ADDED from voice_rcd\AndroidManifest.xml:21:25-66
category#android.intent.category.LAUNCHER
ADDED from voice_rcd\AndroidManifest.xml:23:17-77
	android:name
		ADDED from voice_rcd\AndroidManifest.xml:23:27-74